<?xml version="1.0" encoding="UTF-8"?><testsuite errors="0" failures="0" name="com.example.e2e.neuralnet.integration.ColorDetectingNeuralNetIT" skipped="0" tests="3" time="0.15" timestamp="2021-12-04 12:20:09"><testcase classname="com.example.e2e.neuralnet.integration.ColorDetectingNeuralNetIT" name="When training on specific output the confidence gets very high"/><testcase classname="com.example.e2e.neuralnet.integration.ColorDetectingNeuralNetIT" name="Actor trains neural net"/><testcase classname="com.example.e2e.neuralnet.integration.ColorDetectingNeuralNetIT" name="Actor can ask neural net"/></testsuite>