<?xml version="1.0" encoding="UTF-8"?><testsuite errors="0" failures="5" name="com.example.e2e.neuralnet.integration.ComparingBlackWhiteGrayDetectingNeuralNetworksIT" skipped="0" tests="8" time="163.66" timestamp="2021-12-16 11:33:26"><testcase classname="com.example.e2e.neuralnet.integration.ComparingBlackWhiteGrayDetectingNeuralNetworksIT" name="No hidden neurons all re lu"><failure message="&#10;Expected: is &quot;black&quot;&#10;     but: was &quot;gray&quot;" type="java.lang.AssertionError">
Expected: is "black"
     but: was "gray"</failure><system-err>
Expected: is "black"
     but: was "gray"
com.example.e2e.neuralnet.integration.ComparingBlackWhiteGrayDetectingNeuralNetworksIT.lambda$sanityCheckInferenceResults$2(ComparingBlackWhiteGrayDetectingNeuralNetworksIT.java:73)
com.example.e2e.neuralnet.integration.ComparingBlackWhiteGrayDetectingNeuralNetworksIT.sanityCheckInferenceResults(ComparingBlackWhiteGrayDetectingNeuralNetworksIT.java:70)
com.example.e2e.neuralnet.integration.ComparingBlackWhiteGrayDetectingNeuralNetworksIT.noHiddenNeuronsAllReLu(ComparingBlackWhiteGrayDetectingNeuralNetworksIT.java:97)
</system-err></testcase><testcase classname="com.example.e2e.neuralnet.integration.ComparingBlackWhiteGrayDetectingNeuralNetworksIT" name="No hidden neurons all sigmoid"><failure message="&#10;Expected: a value less than &lt;0.06&gt;&#10;     but: &lt;0.27052123643241693&gt; was greater than &lt;0.06&gt;" type="java.lang.AssertionError">
Expected: a value less than &lt;0.06&gt;
     but: &lt;0.27052123643241693&gt; was greater than &lt;0.06&gt;</failure><system-err>
Expected: a value less than &lt;0.06&gt;
     but: &lt;0.27052123643241693&gt; was greater than &lt;0.06&gt;
com.example.screenplay.action.integration.EnsureErrorIsBelowSixPercent.performAs(EnsureErrorIsBelowSixPercent.java:13)
com.example.e2e.neuralnet.integration.ComparingBlackWhiteGrayDetectingNeuralNetworksIT.lambda$reportAndCheckErrorReduction$1(ComparingBlackWhiteGrayDetectingNeuralNetworksIT.java:66)
com.example.e2e.neuralnet.integration.ComparingBlackWhiteGrayDetectingNeuralNetworksIT.reportAndCheckErrorReduction(ComparingBlackWhiteGrayDetectingNeuralNetworksIT.java:64)
com.example.e2e.neuralnet.integration.ComparingBlackWhiteGrayDetectingNeuralNetworksIT.noHiddenNeuronsAllSigmoid(ComparingBlackWhiteGrayDetectingNeuralNetworksIT.java:59)
</system-err></testcase><testcase classname="com.example.e2e.neuralnet.integration.ComparingBlackWhiteGrayDetectingNeuralNetworksIT" name="One hidden layer of six relu neurons"/><testcase classname="com.example.e2e.neuralnet.integration.ComparingBlackWhiteGrayDetectingNeuralNetworksIT" name="One hidden layer of six sigmoids"><failure message="&#10;Expected: a value less than &lt;0.06&gt;&#10;     but: &lt;0.2421300248437948&gt; was greater than &lt;0.06&gt;" type="java.lang.AssertionError">
Expected: a value less than &lt;0.06&gt;
     but: &lt;0.2421300248437948&gt; was greater than &lt;0.06&gt;</failure><system-err>
Expected: a value less than &lt;0.06&gt;
     but: &lt;0.2421300248437948&gt; was greater than &lt;0.06&gt;
com.example.screenplay.action.integration.EnsureErrorIsBelowSixPercent.performAs(EnsureErrorIsBelowSixPercent.java:13)
com.example.e2e.neuralnet.integration.ComparingBlackWhiteGrayDetectingNeuralNetworksIT.lambda$reportAndCheckErrorReduction$1(ComparingBlackWhiteGrayDetectingNeuralNetworksIT.java:66)
com.example.e2e.neuralnet.integration.ComparingBlackWhiteGrayDetectingNeuralNetworksIT.reportAndCheckErrorReduction(ComparingBlackWhiteGrayDetectingNeuralNetworksIT.java:64)
com.example.e2e.neuralnet.integration.ComparingBlackWhiteGrayDetectingNeuralNetworksIT.oneHiddenLayerOfSixSigmoids(ComparingBlackWhiteGrayDetectingNeuralNetworksIT.java:135)
</system-err></testcase><testcase classname="com.example.e2e.neuralnet.integration.ComparingBlackWhiteGrayDetectingNeuralNetworksIT" name="One hidden layer of two neurons"><failure message="&#10;Expected: a value less than &lt;0.06&gt;&#10;     but: &lt;0.23030166069805705&gt; was greater than &lt;0.06&gt;" type="java.lang.AssertionError">
Expected: a value less than &lt;0.06&gt;
     but: &lt;0.23030166069805705&gt; was greater than &lt;0.06&gt;</failure><system-err>
Expected: a value less than &lt;0.06&gt;
     but: &lt;0.23030166069805705&gt; was greater than &lt;0.06&gt;
com.example.screenplay.action.integration.EnsureErrorIsBelowSixPercent.performAs(EnsureErrorIsBelowSixPercent.java:13)
com.example.e2e.neuralnet.integration.ComparingBlackWhiteGrayDetectingNeuralNetworksIT.lambda$reportAndCheckErrorReduction$1(ComparingBlackWhiteGrayDetectingNeuralNetworksIT.java:66)
com.example.e2e.neuralnet.integration.ComparingBlackWhiteGrayDetectingNeuralNetworksIT.reportAndCheckErrorReduction(ComparingBlackWhiteGrayDetectingNeuralNetworksIT.java:64)
com.example.e2e.neuralnet.integration.ComparingBlackWhiteGrayDetectingNeuralNetworksIT.oneHiddenLayerOfTwoNeurons(ComparingBlackWhiteGrayDetectingNeuralNetworksIT.java:117)
</system-err></testcase><testcase classname="com.example.e2e.neuralnet.integration.ComparingBlackWhiteGrayDetectingNeuralNetworksIT" name="One hidden layer of two relu neurons"><failure message="&#10;Expected: a value less than &lt;0.06&gt;&#10;     but: &lt;0.6666666804799954&gt; was greater than &lt;0.06&gt;" type="java.lang.AssertionError">
Expected: a value less than &lt;0.06&gt;
     but: &lt;0.6666666804799954&gt; was greater than &lt;0.06&gt;</failure><system-err>
Expected: a value less than &lt;0.06&gt;
     but: &lt;0.6666666804799954&gt; was greater than &lt;0.06&gt;
com.example.screenplay.action.integration.EnsureErrorIsBelowSixPercent.performAs(EnsureErrorIsBelowSixPercent.java:13)
com.example.e2e.neuralnet.integration.ComparingBlackWhiteGrayDetectingNeuralNetworksIT.lambda$reportAndCheckErrorReduction$1(ComparingBlackWhiteGrayDetectingNeuralNetworksIT.java:66)
com.example.e2e.neuralnet.integration.ComparingBlackWhiteGrayDetectingNeuralNetworksIT.reportAndCheckErrorReduction(ComparingBlackWhiteGrayDetectingNeuralNetworksIT.java:64)
com.example.e2e.neuralnet.integration.ComparingBlackWhiteGrayDetectingNeuralNetworksIT.oneHiddenLayerOfTwoReluNeurons(ComparingBlackWhiteGrayDetectingNeuralNetworksIT.java:153)
</system-err></testcase><testcase classname="com.example.e2e.neuralnet.integration.ComparingBlackWhiteGrayDetectingNeuralNetworksIT" name="Two hidden layers of four relu neurons each"/><testcase classname="com.example.e2e.neuralnet.integration.ComparingBlackWhiteGrayDetectingNeuralNetworksIT" name="Two hidden layers of four sigmoid neurons each"/></testsuite>