<?xml version="1.0" encoding="UTF-8"?><testsuite errors="0" failures="0" name="com.example.e2e.neuralnet.gui.NeuralNetIT" skipped="0" tests="3" time="4.18" timestamp="2021-12-07 10:42:59"><testcase classname="com.example.e2e.neuralnet.gui.NeuralNetIT" name="The actor sees the most likely label on top"/><testcase classname="com.example.e2e.neuralnet.gui.NeuralNetIT" name="Actor trains neural net"/><testcase classname="com.example.e2e.neuralnet.gui.NeuralNetIT" name="Actor can ask neural net"/></testsuite>