<?xml version="1.0" encoding="UTF-8"?><testsuite errors="0" failures="0" name="com.example.e2e.neuralnet.integration.BuildingCustomNeuralNetIT" skipped="0" tests="4" time="0.19" timestamp="2021-12-07 11:06:20"><testcase classname="com.example.e2e.neuralnet.integration.BuildingCustomNeuralNetIT" name="Where one input and one output is wired"/><testcase classname="com.example.e2e.neuralnet.integration.BuildingCustomNeuralNetIT" name="Where two input and one output neurons are wired"/><testcase classname="com.example.e2e.neuralnet.integration.BuildingCustomNeuralNetIT" name="Where the default is inspected"/><testcase classname="com.example.e2e.neuralnet.integration.BuildingCustomNeuralNetIT" name="Where it has one input and one output neuron"/></testsuite>