<?xml version="1.0" encoding="UTF-8"?><testsuite errors="0" failures="0" name="com.example.e2e.neuralnet.integration.NeuronIT" skipped="0" tests="7" time="0.49" timestamp="2021-12-07 11:06:19"><testcase classname="com.example.e2e.neuralnet.integration.NeuronIT" name="Neurons accept input"/><testcase classname="com.example.e2e.neuralnet.integration.NeuronIT" name="Output from multiple inputs is taken into account"/><testcase classname="com.example.e2e.neuralnet.integration.NeuronIT" name="Neurons keep track of multiple inputs"/><testcase classname="com.example.e2e.neuralnet.integration.NeuronIT" name="Neurons send out value between zero and one"/><testcase classname="com.example.e2e.neuralnet.integration.NeuronIT" name="When accepting an input the sigmoid function is applied and sent to the output"/><testcase classname="com.example.e2e.neuralnet.integration.NeuronIT" name="Neurons have bias"/><testcase classname="com.example.e2e.neuralnet.integration.NeuronIT" name="Neurons have sigmoid function"/></testsuite>