<?xml version="1.0" encoding="UTF-8"?><testsuite errors="0" failures="0" name="com.example.neuralnet.domain.BasicNeuronModelTest" skipped="0" tests="7" time="0.35" timestamp="2021-12-07 08:28:04"><testcase classname="com.example.neuralnet.domain.BasicNeuronModelTest" name="Neurons accept input"/><testcase classname="com.example.neuralnet.domain.BasicNeuronModelTest" name="Output from multiple inputs is taken into account"/><testcase classname="com.example.neuralnet.domain.BasicNeuronModelTest" name="Neurons keep track of multiple inputs"/><testcase classname="com.example.neuralnet.domain.BasicNeuronModelTest" name="Neurons send out value between zero and one"/><testcase classname="com.example.neuralnet.domain.BasicNeuronModelTest" name="When accepting an input the sigmoid function is applied and sent to the output"/><testcase classname="com.example.neuralnet.domain.BasicNeuronModelTest" name="Neurons have bias"/><testcase classname="com.example.neuralnet.domain.BasicNeuronModelTest" name="Neurons have sigmoid function"/></testsuite>