<?xml version="1.0" encoding="UTF-8"?><testsuite errors="0" failures="0" name="com.example.neuralnet.domain.BasicNeuronModelTest" skipped="0" tests="7" time="0.65" timestamp="2021-12-04 01:02:43"><testcase classname="com.example.neuralnet.domain.BasicNeuronModelTest" name="Neurons have input weight"/><testcase classname="com.example.neuralnet.domain.BasicNeuronModelTest" name="Neurons accept input"/><testcase classname="com.example.neuralnet.domain.BasicNeuronModelTest" name="Output is generated"/><testcase classname="com.example.neuralnet.domain.BasicNeuronModelTest" name="Output from multiple inputs is generated"/><testcase classname="com.example.neuralnet.domain.BasicNeuronModelTest" name="Neurons accepts multiple inputs"/><testcase classname="com.example.neuralnet.domain.BasicNeuronModelTest" name="When accepting an input its weighted and converted by the sigmoid function and sent to the output"/><testcase classname="com.example.neuralnet.domain.BasicNeuronModelTest" name="Neurons have sigmoid function"/></testsuite>