<?xml version="1.0" encoding="UTF-8"?><testsuite errors="0" failures="0" name="com.example.e2e.neuralnet.integration.BuildingCustomNeuralNetIT" skipped="0" tests="5" time="0.07" timestamp="2021-12-16 11:13:49"><testcase classname="com.example.e2e.neuralnet.integration.BuildingCustomNeuralNetIT" name="Where one input and one output is wired"/><testcase classname="com.example.e2e.neuralnet.integration.BuildingCustomNeuralNetIT" name="Where two input and two output neurons are wired"/><testcase classname="com.example.e2e.neuralnet.integration.BuildingCustomNeuralNetIT" name="Where there are hidden layers wired"/><testcase classname="com.example.e2e.neuralnet.integration.BuildingCustomNeuralNetIT" name="Where the default is inspected"/><testcase classname="com.example.e2e.neuralnet.integration.BuildingCustomNeuralNetIT" name="Where it has one input and one output neuron"/></testsuite>