<?xml version="1.0" encoding="UTF-8"?><testsuite errors="0" failures="0" name="com.example.e2e.neuralnet.integration.TrainSimpleNeuralNetIT" skipped="0" tests="4" time="0.33" timestamp="2021-12-13 01:30:11"><testcase classname="com.example.e2e.neuralnet.integration.TrainSimpleNeuralNetIT" name="Where one beneficial change should reduce the error"/><testcase classname="com.example.e2e.neuralnet.integration.TrainSimpleNeuralNetIT" name="Where conflicting facts find beneficial change"/><testcase classname="com.example.e2e.neuralnet.integration.TrainSimpleNeuralNetIT" name="Where small neural net is trained on single fact"/><testcase classname="com.example.e2e.neuralnet.integration.TrainSimpleNeuralNetIT" name="Where conflicting facts limit the decrease in error"/></testsuite>